<?xml version="1.0" encoding="UTF-8"?>
<!-- Generated by org.testng.reporters.JUnitReportReporter -->
<testsuite hostname="WINDOWS-NB3PS9D" name="mystore.SalesOrderServiceTest" tests="7" failures="0" timestamp="10 Sep 2015 17:22:42 GMT" time="0.673" errors="0">
  <testcase name="testCreateSalesOrder" time="0.350" classname="mystore.SalesOrderServiceTest"/>
  <testcase name="testAddLineItem" time="0.072" classname="mystore.SalesOrderServiceTest"/>
  <testcase name="testRetrieveSalesOrder" time="0.019" classname="mystore.SalesOrderServiceTest"/>
  <testcase name="cancelSalesOrder" time="0.125" classname="mystore.SalesOrderServiceTest"/>
  <testcase name="getSalesOrderService" time="0.013" classname="mystore.SalesOrderServiceTest"/>
  <testcase name="getCatalogService" time="0.000" classname="mystore.SalesOrderServiceTest"/>
  <testcase name="testRemoveLineItem" time="0.094" classname="mystore.SalesOrderServiceTest"/>
</testsuite> <!-- mystore.SalesOrderServiceTest -->
