<?xml version="1.0" encoding="UTF-8"?>
<!-- Generated by org.testng.reporters.JUnitReportReporter -->
<testsuite hostname="WINDOWS-NB3PS9D" name="mystore.SalesOrderServiceTest" tests="7" failures="0" timestamp="22 Sep 2015 17:23:58 GMT" time="0.532" errors="0">
  <testcase name="cancelSalesOrder" time="0.062" classname="mystore.SalesOrderServiceTest"/>
  <testcase name="getCatalogService" time="0.032" classname="mystore.SalesOrderServiceTest"/>
  <testcase name="testRetrieveSalesOrder" time="0.016" classname="mystore.SalesOrderServiceTest"/>
  <testcase name="testRemoveLineItem" time="0.062" classname="mystore.SalesOrderServiceTest"/>
  <testcase name="getSalesOrderService" time="0.016" classname="mystore.SalesOrderServiceTest"/>
  <testcase name="testCreateSalesOrder" time="0.297" classname="mystore.SalesOrderServiceTest"/>
  <testcase name="testAddLineItem" time="0.047" classname="mystore.SalesOrderServiceTest"/>
</testsuite> <!-- mystore.SalesOrderServiceTest -->
