<?xml version="1.0" encoding="UTF-8"?>
<!-- Generated by org.testng.reporters.JUnitReportReporter -->
<testsuite hostname="WINDOWS-NB3PS9D" name="mystore.SalesOrderServiceTest" tests="7" failures="0" timestamp="23 Sep 2015 15:39:00 GMT" time="0.647" errors="0">
  <testcase name="getSalesOrderService" time="0.016" classname="mystore.SalesOrderServiceTest"/>
  <testcase name="testAddLineItem" time="0.067" classname="mystore.SalesOrderServiceTest"/>
  <testcase name="testRemoveLineItem" time="0.107" classname="mystore.SalesOrderServiceTest"/>
  <testcase name="getCatalogService" time="0.000" classname="mystore.SalesOrderServiceTest"/>
  <testcase name="cancelSalesOrder" time="0.111" classname="mystore.SalesOrderServiceTest"/>
  <testcase name="testRetrieveSalesOrder" time="0.015" classname="mystore.SalesOrderServiceTest"/>
  <testcase name="testCreateSalesOrder" time="0.331" classname="mystore.SalesOrderServiceTest"/>
</testsuite> <!-- mystore.SalesOrderServiceTest -->
